Command line: /usr/local/bin/spades.py	--careful	-1	/Users/hayoungannacho/my_first_wf/work/91/a9498bccc95806b6e1dc02d446249e/clean_1.fastq	-2	/Users/hayoungannacho/my_first_wf/work/91/a9498bccc95806b6e1dc02d446249e/clean_2.fastq	-o	/Users/hayoungannacho/my_first_wf/work/91/a9498bccc95806b6e1dc02d446249e/spades_output	

System information:
  SPAdes version: 3.15.3
  Python version: 3.9.6
  OS: Linux-6.10.14-linuxkit-x86_64-with-glibc2.28

Output dir: /Users/hayoungannacho/my_first_wf/work/91/a9498bccc95806b6e1dc02d446249e/spades_output
Mode: read error correction and assembling
Debug mode is turned OFF

Dataset parameters:
  Standard mode
  For multi-cell/isolate data we recommend to use '--isolate' option; for single-cell MDA data use '--sc'; for metagenomic data use '--meta'; for RNA-Seq use '--rna'.
  Reads:
    Library number: 1, library type: paired-end
      orientation: fr
      left reads: ['/Users/hayoungannacho/my_first_wf/work/91/a9498bccc95806b6e1dc02d446249e/clean_1.fastq']
      right reads: ['/Users/hayoungannacho/my_first_wf/work/91/a9498bccc95806b6e1dc02d446249e/clean_2.fastq']
      interlaced reads: not specified
      single reads: not specified
      merged reads: not specified
Read error correction parameters:
  Iterations: 1
  PHRED offset will be auto-detected
  Corrected reads will be compressed
Assembly parameters:
  k: automatic selection based on read length
  Repeat resolution is enabled
  Mismatch careful mode is turned ON
  MismatchCorrector will be used
  Coverage cutoff is turned OFF
Other parameters:
  Dir for temp files: /Users/hayoungannacho/my_first_wf/work/91/a9498bccc95806b6e1dc02d446249e/spades_output/tmp
  Threads: 16
  Memory limit (in Gb): 7


======= SPAdes pipeline started. Log can be found here: /Users/hayoungannacho/my_first_wf/work/91/a9498bccc95806b6e1dc02d446249e/spades_output/spades.log

/Users/hayoungannacho/my_first_wf/work/91/a9498bccc95806b6e1dc02d446249e/clean_1.fastq: max reads length: 43
/Users/hayoungannacho/my_first_wf/work/91/a9498bccc95806b6e1dc02d446249e/clean_2.fastq: max reads length: 43

Reads length: 43

K-mer sizes were set to [21, 33] because estimated read length (43) is less than 55

===== Before start started. 


===== Read error correction started. 


===== Read error correction started. 


== Running: /usr/local/bin/spades-hammer /Users/hayoungannacho/my_first_wf/work/91/a9498bccc95806b6e1dc02d446249e/spades_output/corrected/configs/config.info

  0:00:00.000     1M / 20M   INFO    General                 (main.cpp                  :  75)   Starting BayesHammer, built from N/A, git revision N/A
  0:00:00.008     1M / 20M   INFO    General                 (main.cpp                  :  76)   Loading config from /Users/hayoungannacho/my_first_wf/work/91/a9498bccc95806b6e1dc02d446249e/spades_output/corrected/configs/config.info
  0:00:00.020     1M / 20M   INFO    General                 (main.cpp                  :  78)   Maximum # of threads to use (adjusted due to OMP capabilities): 8
  0:00:00.021     1M / 20M   INFO    General                 (memory_limit.cpp          :  48)   Memory limit set to 7 Gb
  0:00:00.022     1M / 20M   INFO    General                 (main.cpp                  :  86)   Trying to determine PHRED offset
  0:00:00.024     1M / 20M   INFO    General                 (main.cpp                  :  92)   Determined value is 33
  0:00:00.025     1M / 20M   INFO    General                 (hammer_tools.cpp          :  38)   Hamming graph threshold tau=1, k=21, subkmer positions = [ 0 10 ]
  0:00:00.025     1M / 20M   INFO    General                 (main.cpp                  : 113)   Size of aux. kmer data 24 bytes
     === ITERATION 0 begins ===
  0:00:00.027     1M / 20M   INFO    General                 (kmer_index_builder.hpp    : 243)   Splitting kmer instances into 16 files using 8 threads. This might take a while.
  0:00:00.028     1M / 20M   INFO    General                 (file_limit.hpp            :  32)   Open file limit set to 1048576
  0:00:00.029     1M / 20M   INFO    General                 (kmer_splitter.hpp         :  93)   Memory available for splitting buffers: 0.291663 Gb
  0:00:00.029     1M / 20M   INFO    General                 (kmer_splitter.hpp         : 101)   Using cell size of 2446644
  0:00:00.135  2689M / 2689M INFO   K-mer Splitting          (kmer_data.cpp             :  97)   Processing /Users/hayoungannacho/my_first_wf/work/91/a9498bccc95806b6e1dc02d446249e/clean_1.fastq
  0:00:00.185  2689M / 2689M INFO   K-mer Splitting          (kmer_data.cpp             :  97)   Processing /Users/hayoungannacho/my_first_wf/work/91/a9498bccc95806b6e1dc02d446249e/clean_2.fastq
  0:00:00.224  2689M / 2689M INFO   K-mer Splitting          (kmer_data.cpp             : 112)   Total 9416 reads processed
  0:00:00.224     1M / 305M  INFO    General                 (kmer_index_builder.hpp    : 249)   Starting k-mer counting.
  0:00:00.260     1M / 305M  INFO    General                 (kmer_index_builder.hpp    : 260)   K-mer counting done. There are 403760 kmers in total.
  0:00:00.262     1M / 305M  INFO   K-mer Index Building     (kmer_index_builder.hpp    : 395)   Building perfect hash indices
  0:00:00.291     1M / 305M  INFO   K-mer Index Building     (kmer_index_builder.hpp    : 431)   Index built. Total 403760 kmers, 303648 bytes occupied (6.01641 bits per kmer).
  0:00:00.291     1M / 305M  INFO   K-mer Counting           (kmer_data.cpp             : 354)   Arranging kmers in hash map order
  0:00:00.317     7M / 305M  INFO    General                 (main.cpp                  : 148)   Clustering Hamming graph.
  0:00:00.541     7M / 305M  INFO    General                 (main.cpp                  : 155)   Extracting clusters:
  0:00:00.541     7M / 305M  INFO    General                 (concurrent_dsu.cpp        :  18)   Connecting to root
  0:00:00.543     7M / 305M  INFO    General                 (concurrent_dsu.cpp        :  34)   Calculating counts
  0:00:00.564    16M / 305M  INFO    General                 (concurrent_dsu.cpp        :  63)   Writing down entries
  0:00:00.598     7M / 305M  INFO    General                 (main.cpp                  : 167)   Clustering done. Total clusters: 400786
  0:00:00.599     4M / 305M  INFO   K-mer Counting           (kmer_data.cpp             : 371)   Collecting K-mer information, this takes a while.
  0:00:00.600    14M / 305M  INFO   K-mer Counting           (kmer_data.cpp             : 377)   Processing /Users/hayoungannacho/my_first_wf/work/91/a9498bccc95806b6e1dc02d446249e/clean_1.fastq
  0:00:00.623    14M / 305M  INFO   K-mer Counting           (kmer_data.cpp             : 377)   Processing /Users/hayoungannacho/my_first_wf/work/91/a9498bccc95806b6e1dc02d446249e/clean_2.fastq
  0:00:00.640    14M / 305M  INFO   K-mer Counting           (kmer_data.cpp             : 384)   Collection done, postprocessing.
  0:00:00.641    14M / 305M  INFO   K-mer Counting           (kmer_data.cpp             : 397)   There are 403760 kmers in total. Among them 388850 (96.3072%) are singletons.
  0:00:00.641    14M / 305M  INFO    General                 (main.cpp                  : 173)   Subclustering Hamming graph
  0:00:00.693    14M / 305M  INFO   Hamming Subclustering    (kmer_cluster.cpp          : 650)   Subclustering done. Total 0 non-read kmers were generated.
  0:00:00.694    14M / 305M  INFO   Hamming Subclustering    (kmer_cluster.cpp          : 651)   Subclustering statistics:
  0:00:00.694    14M / 305M  INFO   Hamming Subclustering    (kmer_cluster.cpp          : 652)     Total singleton hamming clusters: 398148. Among them 12872 (3.23297%) are good
  0:00:00.695    14M / 305M  INFO   Hamming Subclustering    (kmer_cluster.cpp          : 653)     Total singleton subclusters: 0. Among them 0 (nan%) are good
  0:00:00.695    14M / 305M  INFO   Hamming Subclustering    (kmer_cluster.cpp          : 654)     Total non-singleton subcluster centers: 2638. Among them 367 (13.9121%) are good
  0:00:00.696    14M / 305M  INFO   Hamming Subclustering    (kmer_cluster.cpp          : 655)     Average size of non-trivial subcluster: 2.12737 kmers
  0:00:00.696    14M / 305M  INFO   Hamming Subclustering    (kmer_cluster.cpp          : 656)     Average number of sub-clusters per non-singleton cluster: 1
  0:00:00.696    14M / 305M  INFO   Hamming Subclustering    (kmer_cluster.cpp          : 657)     Total solid k-mers: 13239
  0:00:00.697    14M / 305M  INFO   Hamming Subclustering    (kmer_cluster.cpp          : 658)     Substitution probabilities: [4,4]((0.911417,0.0247077,0.0256507,0.0382246),(0.00571572,0.956473,0.00891904,0.0288927),(0.0108552,0.00252446,0.960997,0.0256232),(0.00744148,0.00798268,0.00493844,0.979637))
  0:00:00.698    14M / 305M  INFO    General                 (main.cpp                  : 178)   Finished clustering.
  0:00:00.698    14M / 305M  INFO    General                 (main.cpp                  : 197)   Starting solid k-mers expansion in 8 threads.
  0:00:00.715    14M / 305M  INFO    General                 (main.cpp                  : 218)   Solid k-mers iteration 0 produced 879 new k-mers.
  0:00:00.730    14M / 305M  INFO    General                 (main.cpp                  : 218)   Solid k-mers iteration 1 produced 0 new k-mers.
  0:00:00.730    14M / 305M  INFO    General                 (main.cpp                  : 222)   Solid k-mers finalized
  0:00:00.731    14M / 305M  INFO    General                 (hammer_tools.cpp          : 222)   Starting read correction in 8 threads.
  0:00:00.732    14M / 305M  INFO    General                 (hammer_tools.cpp          : 235)   Correcting pair of reads: /Users/hayoungannacho/my_first_wf/work/91/a9498bccc95806b6e1dc02d446249e/clean_1.fastq and /Users/hayoungannacho/my_first_wf/work/91/a9498bccc95806b6e1dc02d446249e/clean_2.fastq
  0:00:00.748   192M / 305M  INFO    General                 (hammer_tools.cpp          : 170)   Prepared batch 0 of 4708 reads.
  0:00:00.774   192M / 305M  INFO    General                 (hammer_tools.cpp          : 177)   Processed batch 0
  0:00:00.791   192M / 305M  INFO    General                 (hammer_tools.cpp          : 187)   Written batch 0
  0:00:00.803    14M / 305M  INFO    General                 (hammer_tools.cpp          : 276)   Correction done. Changed 53 bases in 44 reads.
  0:00:00.804    14M / 305M  INFO    General                 (hammer_tools.cpp          : 277)   Failed to correct 154 bases out of 400105.
  0:00:00.805     1M / 305M  INFO    General                 (main.cpp                  : 255)   Saving corrected dataset description to /Users/hayoungannacho/my_first_wf/work/91/a9498bccc95806b6e1dc02d446249e/spades_output/corrected/corrected.yaml
  0:00:00.807     1M / 305M  INFO    General                 (main.cpp                  : 262)   All done. Exiting.

===== Read error correction finished. 


===== corrected reads compression started. 


== Running: /usr/local/bin/python /usr/local/share/spades/spades_pipeline/scripts/compress_all.py --input_file /Users/hayoungannacho/my_first_wf/work/91/a9498bccc95806b6e1dc02d446249e/spades_output/corrected/corrected.yaml --ext_python_modules_home /usr/local/share/spades --max_threads 16 --output_dir /Users/hayoungannacho/my_first_wf/work/91/a9498bccc95806b6e1dc02d446249e/spades_output/corrected --gzip_output

== Compressing corrected reads (with gzip)
== Files to compress: ['/Users/hayoungannacho/my_first_wf/work/91/a9498bccc95806b6e1dc02d446249e/spades_output/corrected/clean_1.00.0_0.cor.fastq', '/Users/hayoungannacho/my_first_wf/work/91/a9498bccc95806b6e1dc02d446249e/spades_output/corrected/clean_2.00.0_0.cor.fastq', '/Users/hayoungannacho/my_first_wf/work/91/a9498bccc95806b6e1dc02d446249e/spades_output/corrected/clean__unpaired.00.0_0.cor.fastq']
== Files compression is finished
== Dataset yaml file is updated

===== corrected reads compression finished. 


===== Read error correction finished. 


===== Assembling started. 


===== K21 started. 


== Running: /usr/local/bin/spades-core /Users/hayoungannacho/my_first_wf/work/91/a9498bccc95806b6e1dc02d446249e/spades_output/K21/configs/config.info /Users/hayoungannacho/my_first_wf/work/91/a9498bccc95806b6e1dc02d446249e/spades_output/K21/configs/careful_mode.info

  0:00:00.000     1M / 20M   INFO    General                 (main.cpp                  :  99)   Loaded config from /Users/hayoungannacho/my_first_wf/work/91/a9498bccc95806b6e1dc02d446249e/spades_output/K21/configs/config.info
  0:00:00.006     1M / 20M   INFO    General                 (main.cpp                  :  99)   Loaded config from /Users/hayoungannacho/my_first_wf/work/91/a9498bccc95806b6e1dc02d446249e/spades_output/K21/configs/careful_mode.info
  0:00:00.007     1M / 20M   INFO    General                 (memory_limit.cpp          :  48)   Memory limit set to 7 Gb
  0:00:00.007     1M / 20M   INFO    General                 (main.cpp                  : 107)   Starting SPAdes, built from N/A, git revision N/A
  0:00:00.008     1M / 20M   INFO    General                 (main.cpp                  : 108)   Maximum k-mer length: 128
  0:00:00.008     1M / 20M   INFO    General                 (main.cpp                  : 109)   Assembling dataset (/Users/hayoungannacho/my_first_wf/work/91/a9498bccc95806b6e1dc02d446249e/spades_output/dataset.info) with K=21
  0:00:00.009     1M / 20M   INFO    General                 (main.cpp                  : 110)   Maximum # of threads to use (adjusted due to OMP capabilities): 8
  0:00:00.009     1M / 20M   INFO    General                 (pipeline.cpp              : 212)   SPAdes started
  0:00:00.010     1M / 20M   INFO    General                 (pipeline.cpp              : 225)   Starting from stage: read_conversion
  0:00:00.010     1M / 20M   INFO    General                 (pipeline.cpp              : 231)   Two-step repeat resolution disabled
  0:00:00.011     1M / 20M   INFO   GraphCore                (graph_core.hpp            : 672)   Graph created, vertex min_id: 3, edge min_id: 3
  0:00:00.011     1M / 20M   INFO   GraphCore                (graph_core.hpp            : 673)   Vertex size: 48, edge size: 40
  0:00:00.013     1M / 20M   INFO    General                 (edge_index.hpp            : 113)   Size of edge index entries: 12/8
  0:00:00.016     1M / 20M   INFO   StageManager             (stage.cpp                 : 185)   STAGE == Binary Read Conversion (id: read_conversion)
  0:00:00.021     1M / 20M   INFO    General                 (read_converter.cpp        :  72)   Converting reads to binary format for library #0 (takes a while)
  0:00:00.022     1M / 20M   INFO    General                 (read_converter.cpp        :  73)   Converting paired reads
  0:00:00.040    63M / 63M   INFO    General                 (binary_converter.cpp      : 111)   2906 reads written
  0:00:00.041    41M / 41M   INFO    General                 (read_converter.cpp        :  86)   Converting single reads
  0:00:00.046    71M / 71M   INFO    General                 (binary_converter.cpp      : 111)   1105 reads written
  0:00:00.046    61M / 61M   INFO    General                 (read_converter.cpp        :  92)   Converting merged reads
  0:00:00.047    71M / 71M   INFO    General                 (binary_converter.cpp      : 111)   0 reads written
  0:00:00.057     1M / 33M   INFO   StageManager             (stage.cpp                 : 185)   STAGE == de Bruijn graph construction (id: construction)
  0:00:00.064     1M / 34M   INFO    General                 (construction.cpp          : 153)   Max read length 43
  0:00:00.065     1M / 34M   INFO    General                 (construction.cpp          : 159)   Average read length 42.4829
  0:00:00.065     1M / 34M   INFO    General                 (stage.cpp                 : 117)   PROCEDURE == k+1-mer counting (id: construction:kpomer_counting)
  0:00:00.066     1M / 34M   INFO    General                 (kmer_index_builder.hpp    : 243)   Splitting kmer instances into 80 files using 8 threads. This might take a while.
  0:00:00.068     1M / 34M   INFO    General                 (file_limit.hpp            :  32)   Open file limit set to 1048576
  0:00:00.069     1M / 34M   INFO    General                 (kmer_splitter.hpp         :  93)   Memory available for splitting buffers: 0.291652 Gb
  0:00:00.069     1M / 34M   INFO    General                 (kmer_splitter.hpp         : 101)   Using cell size of 489310
  0:00:00.571     1M / 1316M INFO    General                 (kmer_splitters.hpp        : 131)   Used 13834 reads
  0:00:00.574     1M / 1316M INFO    General                 (kmer_index_builder.hpp    : 249)   Starting k-mer counting.
  0:00:00.659     1M / 1316M INFO    General                 (kmer_index_builder.hpp    : 260)   K-mer counting done. There are 139301 kmers in total.
  0:00:00.660     1M / 1316M INFO    General                 (stage.cpp                 : 117)   PROCEDURE == Extension index construction (id: construction:extension_index_construction)
  0:00:00.676     1M / 1316M INFO   K-mer Index Building     (kmer_index_builder.hpp    : 438)   Building kmer index
  0:00:00.676     1M / 1316M INFO    General                 (kmer_index_builder.hpp    : 243)   Splitting kmer instances into 80 files using 8 threads. This might take a while.
  0:00:00.677     1M / 1316M INFO    General                 (file_limit.hpp            :  32)   Open file limit set to 1048576
  0:00:00.678     1M / 1316M INFO    General                 (kmer_splitter.hpp         :  93)   Memory available for splitting buffers: 0.291648 Gb
  0:00:00.678     1M / 1316M INFO    General                 (kmer_splitter.hpp         : 101)   Using cell size of 489304
  0:00:00.964  2721M / 2721M INFO    General                 (kmer_splitters.hpp        : 194)   Processed 139301 kmers
  0:00:00.965  2721M / 2721M INFO    General                 (kmer_splitters.hpp        : 199)   Used 139301 kmers.
  0:00:00.966     1M / 1337M INFO    General                 (kmer_index_builder.hpp    : 249)   Starting k-mer counting.
  0:00:01.049     1M / 1337M INFO    General                 (kmer_index_builder.hpp    : 260)   K-mer counting done. There are 145466 kmers in total.
  0:00:01.050     1M / 1337M INFO   K-mer Index Building     (kmer_index_builder.hpp    : 395)   Building perfect hash indices
  0:00:01.123     1M / 1337M INFO   K-mer Index Building     (kmer_index_builder.hpp    : 431)   Index built. Total 145466 kmers, 166752 bytes occupied (9.17064 bits per kmer).
  0:00:01.123     1M / 1337M INFO    General                 (kmer_index_builder.hpp    : 169)   Merging final buckets.
  0:00:01.153     1M / 1337M INFO   DeBruijnExtensionIndexBu (kmer_extension_index_build: 100)   Building k-mer extensions from k+1-mers
  0:00:01.175     1M / 1337M INFO   DeBruijnExtensionIndexBu (kmer_extension_index_build: 105)   Building k-mer extensions from k+1-mers finished.
  0:00:01.179     1M / 1337M INFO    General                 (stage.cpp                 : 117)   PROCEDURE == Early tip clipping (id: construction:early_tip_clipper)
  0:00:01.179     1M / 1337M INFO    General                 (construction.cpp          : 301)   Early tip clipper length bound set as (RL - K)
  0:00:01.180     1M / 1337M INFO   Early tip clipping       (early_simplification.hpp  :  47)   Early tip clipping
  0:00:01.201     1M / 1337M INFO   Early tip clipping       (early_simplification.hpp  :  82)   #tipped junctions: 108
  0:00:01.206     1M / 1337M INFO   Early tip clipping       (early_simplification.hpp  :  93)   Clipped tips: 108
  0:00:01.208     1M / 1337M INFO   Early tip clipping       (early_simplification.hpp  :  49)   702 22-mers were removed by early tip clipper
  0:00:01.208     1M / 1337M INFO    General                 (stage.cpp                 : 117)   PROCEDURE == Condensing graph (id: construction:graph_condensing)
  0:00:01.211     1M / 1337M INFO   UnbranchingPathExtractor (debruijn_graph_constructor: 354)   Extracting unbranching paths
  0:00:01.228     2M / 1337M INFO   UnbranchingPathExtractor (debruijn_graph_constructor: 373)   Extracting unbranching paths finished. 6187 sequences extracted
  0:00:01.238     2M / 1337M INFO   UnbranchingPathExtractor (debruijn_graph_constructor: 309)   Collecting perfect loops
  0:00:01.245     2M / 1337M INFO   UnbranchingPathExtractor (debruijn_graph_constructor: 342)   Collecting perfect loops finished. 5 loops collected
  0:00:01.248     2M / 1337M INFO    General                 (debruijn_graph_constructor: 487)   Total 12384 edges to create
  0:00:01.248     2M / 1337M INFO    General                 (debruijn_graph_constructor: 489)   Collecting link records
  0:00:01.255     2M / 1337M INFO    General                 (debruijn_graph_constructor: 491)   Ordering link records
  0:00:01.267     2M / 1337M INFO    General                 (debruijn_graph_constructor: 493)   Sorting done
  0:00:01.268     2M / 1337M INFO    General                 (debruijn_graph_constructor: 503)   Total 12357 vertices to create
  0:00:01.269     4M / 1337M INFO    General                 (debruijn_graph_constructor: 506)   Connecting the graph
  0:00:01.279     3M / 1337M INFO    General                 (stage.cpp                 : 117)   PROCEDURE == Filling coverage indices (PHM) (id: construction:coverage_filling_phm)
  0:00:01.279     3M / 1337M INFO   K-mer Index Building     (kmer_index_builder.hpp    : 395)   Building perfect hash indices
  0:00:01.330     4M / 1337M INFO   K-mer Index Building     (kmer_index_builder.hpp    : 431)   Index built. Total 139301 kmers, 162600 bytes occupied (9.33805 bits per kmer).
  0:00:01.331     4M / 1337M INFO    General                 (coverage_hash_map_builder.:  47)   Collecting k-mer coverage information from reads, this takes a while.
  0:00:01.345     4M / 1337M INFO    General                 (construction.cpp          : 430)   Filling coverage and flanking coverage from PHM
  0:00:01.355     4M / 1337M INFO    General                 (coverage_filling.hpp      :  82)   Processed 12384 edges
  0:00:01.370     3M / 1337M INFO   StageManager             (stage.cpp                 : 185)   STAGE == EC Threshold Finding (id: ec_threshold_finder)
  0:00:01.372     3M / 1337M INFO    General                 (kmer_coverage_model.cpp   : 181)   Kmer coverage valley at: 7
  0:00:01.372     3M / 1337M INFO    General                 (kmer_coverage_model.cpp   : 201)   K-mer histogram maximum: 11
  0:00:01.373     3M / 1337M INFO    General                 (kmer_coverage_model.cpp   : 237)   Estimated median coverage: 12. Coverage mad: 2.9652
  0:00:01.373     3M / 1337M INFO    General                 (kmer_coverage_model.cpp   : 259)   Fitting coverage model
  0:00:01.420     3M / 1337M INFO    General                 (kmer_coverage_model.cpp   : 295)   ... iteration 2
  0:00:01.467     3M / 1337M INFO    General                 (kmer_coverage_model.cpp   : 295)   ... iteration 4
  0:00:01.794     3M / 1337M INFO    General                 (kmer_coverage_model.cpp   : 309)   Fitted mean coverage: 44. Fitted coverage std. dev: 1.33956e-309
  0:00:01.795     3M / 1337M INFO    General                 (kmer_coverage_model.cpp   : 334)   Probability of erroneous kmer at valley: 1
  0:00:01.795     3M / 1337M INFO    General                 (kmer_coverage_model.cpp   : 358)   Preliminary threshold calculated as: 44
  0:00:01.795     3M / 1337M INFO    General                 (kmer_coverage_model.cpp   : 362)   Threshold adjusted to: 25
  0:00:01.795     3M / 1337M INFO    General                 (kmer_coverage_model.cpp   : 375)   Estimated genome size (ignoring repeats): 1
  0:00:01.795     3M / 1337M INFO    General                 (genomic_info_filler.cpp   :  55)   Mean coverage was calculated as 44
  0:00:01.796     3M / 1337M INFO    General                 (genomic_info_filler.cpp   :  70)   EC coverage threshold value was calculated as 25
  0:00:01.796     3M / 1337M INFO    General                 (genomic_info_filler.cpp   :  71)   Trusted kmer low bound: 0
  0:00:01.796     3M / 1337M INFO   StageManager             (stage.cpp                 : 185)   STAGE == Raw Simplification (id: raw_simplification)
  0:00:01.798     3M / 1337M INFO    General                 (simplification.cpp        : 127)   PROCEDURE == Initial cleaning
  0:00:01.801     3M / 1337M INFO    General                 (graph_simplification.hpp  : 662)   Flanking coverage based disconnection disabled
  0:00:01.802     3M / 1337M INFO   Simplification           (parallel_processing.hpp   : 167)   Running Self conjugate edge remover
  0:00:01.806     3M / 1337M INFO   Simplification           (parallel_processing.hpp   : 170)   Self conjugate edge remover triggered 0 times
  0:00:01.807     3M / 1337M INFO   StageManager             (stage.cpp                 : 185)   STAGE == Simplification (id: simplification)
  0:00:01.808     3M / 1337M INFO    General                 (simplification.cpp        : 368)   Graph simplification started
  0:00:01.809     3M / 1337M INFO    General                 (graph_simplification.hpp  : 634)   Creating parallel br instance
  0:00:01.810     3M / 1337M INFO    General                 (simplification.cpp        : 373)   PROCEDURE == Simplification cycle, iteration 1
  0:00:01.810     3M / 1337M INFO   Simplification           (parallel_processing.hpp   : 167)   Running Tip clipper
  0:00:01.818     3M / 1337M INFO   Simplification           (parallel_processing.hpp   : 170)   Tip clipper triggered 11 times
  0:00:01.818     3M / 1337M INFO   Simplification           (parallel_processing.hpp   : 167)   Running Bulge remover
  0:00:01.820     3M / 1337M INFO   Simplification           (parallel_processing.hpp   : 170)   Bulge remover triggered 0 times
  0:00:01.820     3M / 1337M INFO   Simplification           (parallel_processing.hpp   : 167)   Running Low coverage edge remover
  0:00:01.820     3M / 1337M INFO   Simplification           (parallel_processing.hpp   : 170)   Low coverage edge remover triggered 0 times
  0:00:01.821     3M / 1337M INFO    General                 (simplification.cpp        : 373)   PROCEDURE == Simplification cycle, iteration 2
  0:00:01.821     3M / 1337M INFO   Simplification           (parallel_processing.hpp   : 167)   Running Tip clipper
  0:00:01.821     3M / 1337M INFO   Simplification           (parallel_processing.hpp   : 170)   Tip clipper triggered 0 times
  0:00:01.822     3M / 1337M INFO   Simplification           (parallel_processing.hpp   : 167)   Running Bulge remover
  0:00:01.822     3M / 1337M INFO   Simplification           (parallel_processing.hpp   : 170)   Bulge remover triggered 0 times
  0:00:01.822     3M / 1337M INFO   Simplification           (parallel_processing.hpp   : 167)   Running Low coverage edge remover
  0:00:01.822     3M / 1337M INFO   Simplification           (parallel_processing.hpp   : 170)   Low coverage edge remover triggered 0 times
  0:00:01.823     3M / 1337M INFO    General                 (simplification.cpp        : 373)   PROCEDURE == Simplification cycle, iteration 3
  0:00:01.823     3M / 1337M INFO   Simplification           (parallel_processing.hpp   : 167)   Running Tip clipper
  0:00:01.824     3M / 1337M INFO   Simplification           (parallel_processing.hpp   : 170)   Tip clipper triggered 0 times
  0:00:01.824     3M / 1337M INFO   Simplification           (parallel_processing.hpp   : 167)   Running Bulge remover
  0:00:01.824     3M / 1337M INFO   Simplification           (parallel_processing.hpp   : 170)   Bulge remover triggered 0 times
  0:00:01.824     3M / 1337M INFO   Simplification           (parallel_processing.hpp   : 167)   Running Low coverage edge remover
  0:00:01.825     3M / 1337M INFO   Simplification           (parallel_processing.hpp   : 170)   Low coverage edge remover triggered 0 times
  0:00:01.825     3M / 1337M INFO    General                 (simplification.cpp        : 373)   PROCEDURE == Simplification cycle, iteration 4
  0:00:01.825     3M / 1337M INFO   Simplification           (parallel_processing.hpp   : 167)   Running Tip clipper
  0:00:01.826     3M / 1337M INFO   Simplification           (parallel_processing.hpp   : 170)   Tip clipper triggered 0 times
  0:00:01.826     3M / 1337M INFO   Simplification           (parallel_processing.hpp   : 167)   Running Bulge remover
  0:00:01.826     3M / 1337M INFO   Simplification           (parallel_processing.hpp   : 170)   Bulge remover triggered 0 times
  0:00:01.826     3M / 1337M INFO   Simplification           (parallel_processing.hpp   : 167)   Running Low coverage edge remover
  0:00:01.826     3M / 1337M INFO   Simplification           (parallel_processing.hpp   : 170)   Low coverage edge remover triggered 0 times
  0:00:01.826     3M / 1337M INFO    General                 (simplification.cpp        : 373)   PROCEDURE == Simplification cycle, iteration 5
  0:00:01.826     3M / 1337M INFO   Simplification           (parallel_processing.hpp   : 167)   Running Tip clipper
  0:00:01.826     3M / 1337M INFO   Simplification           (parallel_processing.hpp   : 170)   Tip clipper triggered 0 times
  0:00:01.826     3M / 1337M INFO   Simplification           (parallel_processing.hpp   : 167)   Running Bulge remover
  0:00:01.826     3M / 1337M INFO   Simplification           (parallel_processing.hpp   : 170)   Bulge remover triggered 0 times
  0:00:01.826     3M / 1337M INFO   Simplification           (parallel_processing.hpp   : 167)   Running Low coverage edge remover
  0:00:01.827     3M / 1337M INFO   Simplification           (parallel_processing.hpp   : 170)   Low coverage edge remover triggered 0 times
  0:00:01.827     3M / 1337M INFO    General                 (simplification.cpp        : 373)   PROCEDURE == Simplification cycle, iteration 6
  0:00:01.827     3M / 1337M INFO   Simplification           (parallel_processing.hpp   : 167)   Running Tip clipper
  0:00:01.827     3M / 1337M INFO   Simplification           (parallel_processing.hpp   : 170)   Tip clipper triggered 0 times
  0:00:01.827     3M / 1337M INFO   Simplification           (parallel_processing.hpp   : 167)   Running Bulge remover
  0:00:01.827     3M / 1337M INFO   Simplification           (parallel_processing.hpp   : 170)   Bulge remover triggered 0 times
  0:00:01.827     3M / 1337M INFO   Simplification           (parallel_processing.hpp   : 167)   Running Low coverage edge remover
  0:00:01.827     3M / 1337M INFO   Simplification           (parallel_processing.hpp   : 170)   Low coverage edge remover triggered 0 times
  0:00:01.827     3M / 1337M INFO    General                 (simplification.cpp        : 373)   PROCEDURE == Simplification cycle, iteration 7
  0:00:01.827     3M / 1337M INFO   Simplification           (parallel_processing.hpp   : 167)   Running Tip clipper
  0:00:01.827     3M / 1337M INFO   Simplification           (parallel_processing.hpp   : 170)   Tip clipper triggered 0 times
  0:00:01.827     3M / 1337M INFO   Simplification           (parallel_processing.hpp   : 167)   Running Bulge remover
  0:00:01.827     3M / 1337M INFO   Simplification           (parallel_processing.hpp   : 170)   Bulge remover triggered 0 times
  0:00:01.827     3M / 1337M INFO   Simplification           (parallel_processing.hpp   : 167)   Running Low coverage edge remover
  0:00:01.827     3M / 1337M INFO   Simplification           (parallel_processing.hpp   : 170)   Low coverage edge remover triggered 0 times
  0:00:01.827     3M / 1337M INFO    General                 (simplification.cpp        : 373)   PROCEDURE == Simplification cycle, iteration 8
  0:00:01.827     3M / 1337M INFO   Simplification           (parallel_processing.hpp   : 167)   Running Tip clipper
  0:00:01.827     3M / 1337M INFO   Simplification           (parallel_processing.hpp   : 170)   Tip clipper triggered 0 times
  0:00:01.827     3M / 1337M INFO   Simplification           (parallel_processing.hpp   : 167)   Running Bulge remover
  0:00:01.827     3M / 1337M INFO   Simplification           (parallel_processing.hpp   : 170)   Bulge remover triggered 0 times
  0:00:01.827     3M / 1337M INFO   Simplification           (parallel_processing.hpp   : 167)   Running Low coverage edge remover
  0:00:01.827     3M / 1337M INFO   Simplification           (parallel_processing.hpp   : 170)   Low coverage edge remover triggered 0 times
  0:00:01.827     3M / 1337M INFO    General                 (simplification.cpp        : 373)   PROCEDURE == Simplification cycle, iteration 9
  0:00:01.827     3M / 1337M INFO   Simplification           (parallel_processing.hpp   : 167)   Running Tip clipper
  0:00:01.827     3M / 1337M INFO   Simplification           (parallel_processing.hpp   : 170)   Tip clipper triggered 0 times
  0:00:01.827     3M / 1337M INFO   Simplification           (parallel_processing.hpp   : 167)   Running Bulge remover
  0:00:01.827     3M / 1337M INFO   Simplification           (parallel_processing.hpp   : 170)   Bulge remover triggered 0 times
  0:00:01.827     3M / 1337M INFO   Simplification           (parallel_processing.hpp   : 167)   Running Low coverage edge remover
  0:00:01.827     3M / 1337M INFO   Simplification           (parallel_processing.hpp   : 170)   Low coverage edge remover triggered 0 times
  0:00:01.827     3M / 1337M INFO    General                 (simplification.cpp        : 373)   PROCEDURE == Simplification cycle, iteration 10
  0:00:01.827     3M / 1337M INFO   Simplification           (parallel_processing.hpp   : 167)   Running Tip clipper
  0:00:01.827     3M / 1337M INFO   Simplification           (parallel_processing.hpp   : 170)   Tip clipper triggered 0 times
  0:00:01.827     3M / 1337M INFO   Simplification           (parallel_processing.hpp   : 167)   Running Bulge remover
  0:00:01.827     3M / 1337M INFO   Simplification           (parallel_processing.hpp   : 170)   Bulge remover triggered 0 times
  0:00:01.827     3M / 1337M INFO   Simplification           (parallel_processing.hpp   : 167)   Running Low coverage edge remover
  0:00:01.827     3M / 1337M INFO   Simplification           (parallel_processing.hpp   : 170)   Low coverage edge remover triggered 0 times
  0:00:01.827     3M / 1337M INFO    General                 (simplification.cpp        : 373)   PROCEDURE == Simplification cycle, iteration 11
  0:00:01.828     3M / 1337M INFO   Simplification           (parallel_processing.hpp   : 167)   Running Tip clipper
  0:00:01.828     3M / 1337M INFO   Simplification           (parallel_processing.hpp   : 170)   Tip clipper triggered 0 times
  0:00:01.829     3M / 1337M INFO   Simplification           (parallel_processing.hpp   : 167)   Running Bulge remover
  0:00:01.830     3M / 1337M INFO   Simplification           (parallel_processing.hpp   : 170)   Bulge remover triggered 0 times
  0:00:01.830     3M / 1337M INFO   Simplification           (parallel_processing.hpp   : 167)   Running Low coverage edge remover
  0:00:01.831     3M / 1337M INFO   Simplification           (parallel_processing.hpp   : 170)   Low coverage edge remover triggered 0 times
  0:00:01.834     3M / 1337M INFO   StageManager             (stage.cpp                 : 185)   STAGE == Simplification Cleanup (id: simplification_cleanup)
  0:00:01.835     3M / 1337M INFO    General                 (simplification.cpp        : 176)   PROCEDURE == Post simplification
  0:00:01.835     3M / 1337M INFO    General                 (graph_simplification.hpp  : 448)   Disconnection of relatively low covered edges disabled
  0:00:01.836     3M / 1337M INFO    General                 (graph_simplification.hpp  : 485)   Complex tip clipping disabled
  0:00:01.836     3M / 1337M INFO    General                 (graph_simplification.hpp  : 634)   Creating parallel br instance
  0:00:01.837     3M / 1337M INFO   Simplification           (parallel_processing.hpp   : 167)   Running Tip clipper
  0:00:01.838     3M / 1337M INFO   Simplification           (parallel_processing.hpp   : 170)   Tip clipper triggered 0 times
  0:00:01.839     3M / 1337M INFO   Simplification           (parallel_processing.hpp   : 167)   Running Bulge remover
  0:00:01.840     3M / 1337M INFO   Simplification           (parallel_processing.hpp   : 170)   Bulge remover triggered 0 times
  0:00:01.840     3M / 1337M INFO   Simplification           (parallel_processing.hpp   : 167)   Running Tip clipper
  0:00:01.841     3M / 1337M INFO   Simplification           (parallel_processing.hpp   : 170)   Tip clipper triggered 0 times
  0:00:01.841     3M / 1337M INFO   Simplification           (parallel_processing.hpp   : 167)   Running Bulge remover
  0:00:01.842     3M / 1337M INFO   Simplification           (parallel_processing.hpp   : 170)   Bulge remover triggered 0 times
  0:00:01.843     3M / 1337M INFO    General                 (simplification.cpp        : 327)   Disrupting self-conjugate edges
  0:00:01.845     3M / 1337M INFO   Simplification           (parallel_processing.hpp   : 167)   Running Removing isolated edges
  0:00:01.850     2M / 1337M INFO   Simplification           (parallel_processing.hpp   : 170)   Removing isolated edges triggered 6165 times
  0:00:01.850     2M / 1337M INFO    General                 (simplification.cpp        : 491)   Counting average coverage
  0:00:01.851     2M / 1337M INFO    General                 (simplification.cpp        : 497)   Average coverage = 4.61905
  0:00:01.852     2M / 1337M WARN    General                 (simplification.cpp        : 500)   The determined erroneous connection coverage threshold may be determined improperly
  0:00:01.852     2M / 1337M INFO   StageManager             (stage.cpp                 : 185)   STAGE == Contig Output (id: contig_output)
  0:00:01.853     2M / 1337M INFO    General                 (read_converter.cpp        : 107)   Outputting contigs to /Users/hayoungannacho/my_first_wf/work/91/a9498bccc95806b6e1dc02d446249e/spades_output/K21/simplified_contigs
  0:00:01.856     5M / 1337M INFO    General                 (binary_converter.cpp      : 111)   5 reads written
  0:00:01.860     2M / 1337M INFO    General                 (pipeline.cpp              : 287)   SPAdes finished
  0:00:01.861     1M / 1337M INFO    General                 (main.cpp                  : 136)   Assembling time: 0 hours 0 minutes 1 seconds

===== K21 finished. 


===== K33 started. 


== Running: /usr/local/bin/spades-core /Users/hayoungannacho/my_first_wf/work/91/a9498bccc95806b6e1dc02d446249e/spades_output/K33/configs/config.info /Users/hayoungannacho/my_first_wf/work/91/a9498bccc95806b6e1dc02d446249e/spades_output/K33/configs/careful_mode.info

  0:00:00.000     1M / 20M   INFO    General                 (main.cpp                  :  99)   Loaded config from /Users/hayoungannacho/my_first_wf/work/91/a9498bccc95806b6e1dc02d446249e/spades_output/K33/configs/config.info
  0:00:00.006     1M / 20M   INFO    General                 (main.cpp                  :  99)   Loaded config from /Users/hayoungannacho/my_first_wf/work/91/a9498bccc95806b6e1dc02d446249e/spades_output/K33/configs/careful_mode.info
  0:00:00.008     1M / 20M   INFO    General                 (memory_limit.cpp          :  48)   Memory limit set to 7 Gb
  0:00:00.008     1M / 20M   INFO    General                 (main.cpp                  : 107)   Starting SPAdes, built from N/A, git revision N/A
  0:00:00.009     1M / 20M   INFO    General                 (main.cpp                  : 108)   Maximum k-mer length: 128
  0:00:00.010     1M / 20M   INFO    General                 (main.cpp                  : 109)   Assembling dataset (/Users/hayoungannacho/my_first_wf/work/91/a9498bccc95806b6e1dc02d446249e/spades_output/dataset.info) with K=33
  0:00:00.010     1M / 20M   INFO    General                 (main.cpp                  : 110)   Maximum # of threads to use (adjusted due to OMP capabilities): 8
  0:00:00.011     1M / 20M   INFO    General                 (pipeline.cpp              : 212)   SPAdes started
  0:00:00.012     1M / 20M   INFO    General                 (pipeline.cpp              : 225)   Starting from stage: read_conversion
  0:00:00.012     1M / 20M   INFO    General                 (pipeline.cpp              : 231)   Two-step repeat resolution disabled
  0:00:00.013     1M / 20M   INFO   GraphCore                (graph_core.hpp            : 672)   Graph created, vertex min_id: 3, edge min_id: 3
  0:00:00.013     1M / 20M   INFO   GraphCore                (graph_core.hpp            : 673)   Vertex size: 48, edge size: 40
  0:00:00.014     1M / 20M   INFO    General                 (edge_index.hpp            : 113)   Size of edge index entries: 12/8
  0:00:00.015     1M / 20M   INFO    General                 (pipeline.cpp              : 242)   Will need read mapping, kmer mapper will be attached
  0:00:00.016     1M / 20M   INFO   StageManager             (stage.cpp                 : 185)   STAGE == Binary Read Conversion (id: read_conversion)
  0:00:00.021     1M / 20M   INFO    General                 (read_converter.cpp        :  53)   Binary reads detected
  0:00:00.032     1M / 20M   INFO   StageManager             (stage.cpp                 : 185)   STAGE == de Bruijn graph construction (id: construction)
  0:00:00.032     1M / 20M   INFO    General                 (construction.cpp          : 118)   Contigs from previous K will be used: /Users/hayoungannacho/my_first_wf/work/91/a9498bccc95806b6e1dc02d446249e/spades_output/K21/simplified_contigs
  0:00:00.040     1M / 20M   INFO    General                 (construction.cpp          : 153)   Max read length 43
  0:00:00.041     1M / 20M   INFO    General                 (construction.cpp          : 159)   Average read length 42.4829
  0:00:00.041     1M / 20M   INFO    General                 (stage.cpp                 : 117)   PROCEDURE == k+1-mer counting (id: construction:kpomer_counting)
  0:00:00.041     1M / 20M   INFO    General                 (kmer_index_builder.hpp    : 243)   Splitting kmer instances into 80 files using 8 threads. This might take a while.
  0:00:00.043     1M / 20M   INFO    General                 (file_limit.hpp            :  32)   Open file limit set to 1048576
  0:00:00.044     1M / 20M   INFO    General                 (kmer_splitter.hpp         :  93)   Memory available for splitting buffers: 0.291649 Gb
  0:00:00.044     1M / 20M   INFO    General                 (kmer_splitter.hpp         : 101)   Using cell size of 244652
  0:00:00.567     1M / 1311M INFO    General                 (kmer_splitters.hpp        : 131)   Used 13844 reads
  0:00:00.572     1M / 1311M INFO    General                 (kmer_index_builder.hpp    : 249)   Starting k-mer counting.
  0:00:00.646     1M / 1311M INFO    General                 (kmer_index_builder.hpp    : 260)   K-mer counting done. There are 63232 kmers in total.
  0:00:00.646     1M / 1311M INFO    General                 (stage.cpp                 : 117)   PROCEDURE == Extension index construction (id: construction:extension_index_construction)
  0:00:00.661     1M / 1311M INFO   K-mer Index Building     (kmer_index_builder.hpp    : 438)   Building kmer index
  0:00:00.661     1M / 1311M INFO    General                 (kmer_index_builder.hpp    : 243)   Splitting kmer instances into 80 files using 8 threads. This might take a while.
  0:00:00.662     1M / 1311M INFO    General                 (file_limit.hpp            :  32)   Open file limit set to 1048576
  0:00:00.663     1M / 1311M INFO    General                 (kmer_splitter.hpp         :  93)   Memory available for splitting buffers: 0.291645 Gb
  0:00:00.663     1M / 1311M INFO    General                 (kmer_splitter.hpp         : 101)   Using cell size of 244649
  0:00:00.946  2721M / 2721M INFO    General                 (kmer_splitters.hpp        : 194)   Processed 63232 kmers
  0:00:00.946  2721M / 2721M INFO    General                 (kmer_splitters.hpp        : 199)   Used 63232 kmers.
  0:00:00.946     1M / 1334M INFO    General                 (kmer_index_builder.hpp    : 249)   Starting k-mer counting.
  0:00:01.002     1M / 1334M INFO    General                 (kmer_index_builder.hpp    : 260)   K-mer counting done. There are 69719 kmers in total.
  0:00:01.003     1M / 1334M INFO   K-mer Index Building     (kmer_index_builder.hpp    : 395)   Building perfect hash indices
  0:00:01.068     1M / 1334M INFO   K-mer Index Building     (kmer_index_builder.hpp    : 431)   Index built. Total 69719 kmers, 111920 bytes occupied (12.8424 bits per kmer).
  0:00:01.069     1M / 1334M INFO    General                 (kmer_index_builder.hpp    : 169)   Merging final buckets.
  0:00:01.098     1M / 1334M INFO   DeBruijnExtensionIndexBu (kmer_extension_index_build: 100)   Building k-mer extensions from k+1-mers
  0:00:01.115     1M / 1334M INFO   DeBruijnExtensionIndexBu (kmer_extension_index_build: 105)   Building k-mer extensions from k+1-mers finished.
  0:00:01.119     1M / 1334M INFO    General                 (stage.cpp                 : 117)   PROCEDURE == Condensing graph (id: construction:graph_condensing)
  0:00:01.121     1M / 1334M INFO   UnbranchingPathExtractor (debruijn_graph_constructor: 354)   Extracting unbranching paths
  0:00:01.135     2M / 1334M INFO   UnbranchingPathExtractor (debruijn_graph_constructor: 373)   Extracting unbranching paths finished. 6548 sequences extracted
  0:00:01.143     2M / 1334M INFO   UnbranchingPathExtractor (debruijn_graph_constructor: 309)   Collecting perfect loops
  0:00:01.148     2M / 1334M INFO   UnbranchingPathExtractor (debruijn_graph_constructor: 342)   Collecting perfect loops finished. 1 loops collected
  0:00:01.150     2M / 1334M INFO    General                 (debruijn_graph_constructor: 487)   Total 13098 edges to create
  0:00:01.150     2M / 1334M INFO    General                 (debruijn_graph_constructor: 489)   Collecting link records
  0:00:01.156     2M / 1334M INFO    General                 (debruijn_graph_constructor: 491)   Ordering link records
  0:00:01.168     2M / 1334M INFO    General                 (debruijn_graph_constructor: 493)   Sorting done
  0:00:01.169     3M / 1334M INFO    General                 (debruijn_graph_constructor: 503)   Total 13036 vertices to create
  0:00:01.169     4M / 1334M INFO    General                 (debruijn_graph_constructor: 506)   Connecting the graph
  0:00:01.180     3M / 1334M INFO    General                 (stage.cpp                 : 117)   PROCEDURE == Filling coverage indices (PHM) (id: construction:coverage_filling_phm)
  0:00:01.181     3M / 1334M INFO   K-mer Index Building     (kmer_index_builder.hpp    : 395)   Building perfect hash indices
  0:00:01.231     4M / 1334M INFO   K-mer Index Building     (kmer_index_builder.hpp    : 431)   Index built. Total 63232 kmers, 107616 bytes occupied (13.6154 bits per kmer).
  0:00:01.231     4M / 1334M INFO    General                 (coverage_hash_map_builder.:  47)   Collecting k-mer coverage information from reads, this takes a while.
  0:00:01.236     4M / 1334M INFO    General                 (construction.cpp          : 430)   Filling coverage and flanking coverage from PHM
  0:00:01.241     4M / 1334M INFO    General                 (coverage_filling.hpp      :  82)   Processed 13098 edges
  0:00:01.258     3M / 1334M INFO   StageManager             (stage.cpp                 : 185)   STAGE == EC Threshold Finding (id: ec_threshold_finder)
  0:00:01.259     3M / 1334M INFO    General                 (kmer_coverage_model.cpp   : 181)   Kmer coverage valley at: 5
  0:00:01.259     3M / 1334M INFO    General                 (kmer_coverage_model.cpp   : 201)   K-mer histogram maximum: 9
  0:00:01.260     3M / 1334M INFO    General                 (kmer_coverage_model.cpp   : 237)   Estimated median coverage: 9. Coverage mad: 4.4478
  0:00:01.260     3M / 1334M INFO    General                 (kmer_coverage_model.cpp   : 259)   Fitting coverage model
  0:00:01.292     3M / 1334M INFO    General                 (kmer_coverage_model.cpp   : 295)   ... iteration 2
  0:00:01.361     3M / 1334M INFO    General                 (kmer_coverage_model.cpp   : 295)   ... iteration 4
  0:00:01.557     3M / 1334M INFO    General                 (kmer_coverage_model.cpp   : 295)   ... iteration 8
  0:00:01.782     3M / 1334M INFO    General                 (kmer_coverage_model.cpp   : 295)   ... iteration 16
  0:00:01.841     3M / 1334M INFO    General                 (kmer_coverage_model.cpp   : 309)   Fitted mean coverage: 8.80073. Fitted coverage std. dev: 1.36047
  0:00:01.842     3M / 1334M INFO    General                 (kmer_coverage_model.cpp   : 334)   Probability of erroneous kmer at valley: 1
  0:00:01.842     3M / 1334M WARN    General                 (kmer_coverage_model.cpp   : 366)   Failed to determine erroneous kmer threshold. Threshold set to: 5
  0:00:01.842     3M / 1334M INFO    General                 (kmer_coverage_model.cpp   : 375)   Estimated genome size (ignoring repeats): 29
  0:00:01.843     3M / 1334M INFO    General                 (genomic_info_filler.cpp   :  57)   Failed to estimate mean coverage
  0:00:01.843     3M / 1334M INFO    General                 (genomic_info_filler.cpp   :  70)   EC coverage threshold value was calculated as 5
  0:00:01.844     3M / 1334M INFO    General                 (genomic_info_filler.cpp   :  71)   Trusted kmer low bound: 0
  0:00:01.844     3M / 1334M INFO   StageManager             (stage.cpp                 : 185)   STAGE == Gap Closer (id: early_gapcloser)
  0:00:01.847    12M / 1334M INFO    General                 (edge_index.hpp            : 113)   Size of edge index entries: 12/8
  0:00:01.854    12M / 1334M INFO    General                 (gap_closer.cpp            : 101)   Total edges in tip neighborhood: 13064 out of 13098, length: 126215
  0:00:01.855    12M / 1334M INFO    General                 (edge_index.hpp            : 167)   Using small index (max_id = 13166)
  0:00:01.865    12M / 1334M INFO   K-mer Index Building     (kmer_index_builder.hpp    : 395)   Building perfect hash indices
  0:00:01.879    12M / 1334M INFO   K-mer Index Building     (kmer_index_builder.hpp    : 431)   Index built. Total 63229 kmers, 46432 bytes occupied (5.87477 bits per kmer).
  0:00:01.879    13M / 1334M INFO    General                 (edge_index_builders.hpp   : 265)   Collecting edge information from graph, this takes a while.
  0:00:01.913    13M / 1334M INFO    General                 (sequence_mapper_notifier.h:  95)   Total 2906 reads processed
  0:00:01.918    12M / 1334M INFO    General                 (gap_closer.cpp            : 452)   Initializing gap closer
  0:00:01.918    12M / 1334M INFO   GapCloser                (gap_closer.cpp            : 359)   Closing short gaps
  0:00:01.924    12M / 1334M INFO   GapCloser                (gap_closer.cpp            : 391)   Closing short gaps complete: filled 0 gaps after checking 114 candidates
  0:00:01.926    12M / 1334M INFO    General                 (gap_closer.cpp            : 456)   Gap closer done
  0:00:01.927     3M / 1334M INFO   StageManager             (stage.cpp                 : 185)   STAGE == Raw Simplification (id: raw_simplification)
  0:00:01.928     3M / 1334M INFO    General                 (simplification.cpp        : 127)   PROCEDURE == Initial cleaning
  0:00:01.930     3M / 1334M INFO    General                 (simplification.cpp        :  61)   Most init cleaning disabled on main iteration
  0:00:01.930     3M / 1334M INFO   Simplification           (parallel_processing.hpp   : 167)   Running Self conjugate edge remover
  0:00:01.935     3M / 1334M INFO   Simplification           (parallel_processing.hpp   : 170)   Self conjugate edge remover triggered 0 times
  0:00:01.935     3M / 1334M INFO   StageManager             (stage.cpp                 : 185)   STAGE == Simplification (id: simplification)
  0:00:01.936     3M / 1334M INFO    General                 (simplification.cpp        : 368)   Graph simplification started
  0:00:01.937     3M / 1334M INFO    General                 (graph_simplification.hpp  : 634)   Creating parallel br instance
  0:00:01.938     3M / 1334M INFO    General                 (simplification.cpp        : 373)   PROCEDURE == Simplification cycle, iteration 1
  0:00:01.938     3M / 1334M INFO   Simplification           (parallel_processing.hpp   : 167)   Running Tip clipper
  0:00:01.944     3M / 1334M INFO   Simplification           (parallel_processing.hpp   : 170)   Tip clipper triggered 31 times
  0:00:01.944     3M / 1334M INFO   Simplification           (parallel_processing.hpp   : 167)   Running Bulge remover
  0:00:01.945     3M / 1334M INFO   Simplification           (parallel_processing.hpp   : 170)   Bulge remover triggered 0 times
  0:00:01.945     3M / 1334M INFO   Simplification           (parallel_processing.hpp   : 167)   Running Low coverage edge remover
  0:00:01.946     3M / 1334M INFO   Simplification           (parallel_processing.hpp   : 170)   Low coverage edge remover triggered 0 times
  0:00:01.946     3M / 1334M INFO    General                 (simplification.cpp        : 373)   PROCEDURE == Simplification cycle, iteration 2
  0:00:01.946     3M / 1334M INFO   Simplification           (parallel_processing.hpp   : 167)   Running Tip clipper
  0:00:01.946     3M / 1334M INFO   Simplification           (parallel_processing.hpp   : 170)   Tip clipper triggered 0 times
  0:00:01.946     3M / 1334M INFO   Simplification           (parallel_processing.hpp   : 167)   Running Bulge remover
  0:00:01.946     3M / 1334M INFO   Simplification           (parallel_processing.hpp   : 170)   Bulge remover triggered 0 times
  0:00:01.946     3M / 1334M INFO   Simplification           (parallel_processing.hpp   : 167)   Running Low coverage edge remover
  0:00:01.946     3M / 1334M INFO   Simplification           (parallel_processing.hpp   : 170)   Low coverage edge remover triggered 0 times
  0:00:01.946     3M / 1334M INFO    General                 (simplification.cpp        : 373)   PROCEDURE == Simplification cycle, iteration 3
  0:00:01.946     3M / 1334M INFO   Simplification           (parallel_processing.hpp   : 167)   Running Tip clipper
  0:00:01.946     3M / 1334M INFO   Simplification           (parallel_processing.hpp   : 170)   Tip clipper triggered 0 times
  0:00:01.946     3M / 1334M INFO   Simplification           (parallel_processing.hpp   : 167)   Running Bulge remover
  0:00:01.946     3M / 1334M INFO   Simplification           (parallel_processing.hpp   : 170)   Bulge remover triggered 0 times
  0:00:01.946     3M / 1334M INFO   Simplification           (parallel_processing.hpp   : 167)   Running Low coverage edge remover
  0:00:01.946     3M / 1334M INFO   Simplification           (parallel_processing.hpp   : 170)   Low coverage edge remover triggered 0 times
  0:00:01.946     3M / 1334M INFO    General                 (simplification.cpp        : 373)   PROCEDURE == Simplification cycle, iteration 4
  0:00:01.946     3M / 1334M INFO   Simplification           (parallel_processing.hpp   : 167)   Running Tip clipper
  0:00:01.946     3M / 1334M INFO   Simplification           (parallel_processing.hpp   : 170)   Tip clipper triggered 0 times
  0:00:01.946     3M / 1334M INFO   Simplification           (parallel_processing.hpp   : 167)   Running Bulge remover
  0:00:01.946     3M / 1334M INFO   Simplification           (parallel_processing.hpp   : 170)   Bulge remover triggered 0 times
  0:00:01.946     3M / 1334M INFO   Simplification           (parallel_processing.hpp   : 167)   Running Low coverage edge remover
  0:00:01.946     3M / 1334M INFO   Simplification           (parallel_processing.hpp   : 170)   Low coverage edge remover triggered 0 times
  0:00:01.946     3M / 1334M INFO    General                 (simplification.cpp        : 373)   PROCEDURE == Simplification cycle, iteration 5
  0:00:01.947     3M / 1334M INFO   Simplification           (parallel_processing.hpp   : 167)   Running Tip clipper
  0:00:01.947     3M / 1334M INFO   Simplification           (parallel_processing.hpp   : 170)   Tip clipper triggered 0 times
  0:00:01.947     3M / 1334M INFO   Simplification           (parallel_processing.hpp   : 167)   Running Bulge remover
  0:00:01.947     3M / 1334M INFO   Simplification           (parallel_processing.hpp   : 170)   Bulge remover triggered 0 times
  0:00:01.947     3M / 1334M INFO   Simplification           (parallel_processing.hpp   : 167)   Running Low coverage edge remover
  0:00:01.947     3M / 1334M INFO   Simplification           (parallel_processing.hpp   : 170)   Low coverage edge remover triggered 0 times
  0:00:01.947     3M / 1334M INFO    General                 (simplification.cpp        : 373)   PROCEDURE == Simplification cycle, iteration 6
  0:00:01.947     3M / 1334M INFO   Simplification           (parallel_processing.hpp   : 167)   Running Tip clipper
  0:00:01.947     3M / 1334M INFO   Simplification           (parallel_processing.hpp   : 170)   Tip clipper triggered 0 times
  0:00:01.947     3M / 1334M INFO   Simplification           (parallel_processing.hpp   : 167)   Running Bulge remover
  0:00:01.947     3M / 1334M INFO   Simplification           (parallel_processing.hpp   : 170)   Bulge remover triggered 0 times
  0:00:01.947     3M / 1334M INFO   Simplification           (parallel_processing.hpp   : 167)   Running Low coverage edge remover
  0:00:01.947     3M / 1334M INFO   Simplification           (parallel_processing.hpp   : 170)   Low coverage edge remover triggered 0 times
  0:00:01.947     3M / 1334M INFO    General                 (simplification.cpp        : 373)   PROCEDURE == Simplification cycle, iteration 7
  0:00:01.947     3M / 1334M INFO   Simplification           (parallel_processing.hpp   : 167)   Running Tip clipper
  0:00:01.947     3M / 1334M INFO   Simplification           (parallel_processing.hpp   : 170)   Tip clipper triggered 0 times
  0:00:01.947     3M / 1334M INFO   Simplification           (parallel_processing.hpp   : 167)   Running Bulge remover
  0:00:01.947     3M / 1334M INFO   Simplification           (parallel_processing.hpp   : 170)   Bulge remover triggered 0 times
  0:00:01.947     3M / 1334M INFO   Simplification           (parallel_processing.hpp   : 167)   Running Low coverage edge remover
  0:00:01.947     3M / 1334M INFO   Simplification           (parallel_processing.hpp   : 170)   Low coverage edge remover triggered 0 times
  0:00:01.947     3M / 1334M INFO    General                 (simplification.cpp        : 373)   PROCEDURE == Simplification cycle, iteration 8
  0:00:01.947     3M / 1334M INFO   Simplification           (parallel_processing.hpp   : 167)   Running Tip clipper
  0:00:01.947     3M / 1334M INFO   Simplification           (parallel_processing.hpp   : 170)   Tip clipper triggered 0 times
  0:00:01.947     3M / 1334M INFO   Simplification           (parallel_processing.hpp   : 167)   Running Bulge remover
  0:00:01.947     3M / 1334M INFO   Simplification           (parallel_processing.hpp   : 170)   Bulge remover triggered 0 times
  0:00:01.947     3M / 1334M INFO   Simplification           (parallel_processing.hpp   : 167)   Running Low coverage edge remover
  0:00:01.947     3M / 1334M INFO   Simplification           (parallel_processing.hpp   : 170)   Low coverage edge remover triggered 0 times
  0:00:01.947     3M / 1334M INFO    General                 (simplification.cpp        : 373)   PROCEDURE == Simplification cycle, iteration 9
  0:00:01.947     3M / 1334M INFO   Simplification           (parallel_processing.hpp   : 167)   Running Tip clipper
  0:00:01.947     3M / 1334M INFO   Simplification           (parallel_processing.hpp   : 170)   Tip clipper triggered 0 times
  0:00:01.947     3M / 1334M INFO   Simplification           (parallel_processing.hpp   : 167)   Running Bulge remover
  0:00:01.947     3M / 1334M INFO   Simplification           (parallel_processing.hpp   : 170)   Bulge remover triggered 0 times
  0:00:01.947     3M / 1334M INFO   Simplification           (parallel_processing.hpp   : 167)   Running Low coverage edge remover
  0:00:01.947     3M / 1334M INFO   Simplification           (parallel_processing.hpp   : 170)   Low coverage edge remover triggered 0 times
  0:00:01.947     3M / 1334M INFO    General                 (simplification.cpp        : 373)   PROCEDURE == Simplification cycle, iteration 10
  0:00:01.947     3M / 1334M INFO   Simplification           (parallel_processing.hpp   : 167)   Running Tip clipper
  0:00:01.947     3M / 1334M INFO   Simplification           (parallel_processing.hpp   : 170)   Tip clipper triggered 0 times
  0:00:01.947     3M / 1334M INFO   Simplification           (parallel_processing.hpp   : 167)   Running Bulge remover
  0:00:01.947     3M / 1334M INFO   Simplification           (parallel_processing.hpp   : 170)   Bulge remover triggered 0 times
  0:00:01.947     3M / 1334M INFO   Simplification           (parallel_processing.hpp   : 167)   Running Low coverage edge remover
  0:00:01.947     3M / 1334M INFO   Simplification           (parallel_processing.hpp   : 170)   Low coverage edge remover triggered 0 times
  0:00:01.947     3M / 1334M INFO    General                 (simplification.cpp        : 373)   PROCEDURE == Simplification cycle, iteration 11
  0:00:01.947     3M / 1334M INFO   Simplification           (parallel_processing.hpp   : 167)   Running Tip clipper
  0:00:01.948     3M / 1334M INFO   Simplification           (parallel_processing.hpp   : 170)   Tip clipper triggered 0 times
  0:00:01.948     3M / 1334M INFO   Simplification           (parallel_processing.hpp   : 167)   Running Bulge remover
  0:00:01.948     3M / 1334M INFO   Simplification           (parallel_processing.hpp   : 170)   Bulge remover triggered 0 times
  0:00:01.948     3M / 1334M INFO   Simplification           (parallel_processing.hpp   : 167)   Running Low coverage edge remover
  0:00:01.949     3M / 1334M INFO   Simplification           (parallel_processing.hpp   : 170)   Low coverage edge remover triggered 0 times
  0:00:01.950     3M / 1334M INFO   StageManager             (stage.cpp                 : 185)   STAGE == Gap Closer (id: late_gapcloser)
  0:00:01.952    12M / 1334M INFO    General                 (edge_index.hpp            : 113)   Size of edge index entries: 12/8
  0:00:01.955    12M / 1334M INFO    General                 (gap_closer.cpp            : 101)   Total edges in tip neighborhood: 12974 out of 12978, length: 126256
  0:00:01.955    12M / 1334M INFO    General                 (edge_index.hpp            : 167)   Using small index (max_id = 13166)
  0:00:01.956    12M / 1334M INFO   K-mer Index Building     (kmer_index_builder.hpp    : 395)   Building perfect hash indices
  0:00:01.968    12M / 1334M INFO   K-mer Index Building     (kmer_index_builder.hpp    : 431)   Index built. Total 63128 kmers, 46360 bytes occupied (5.87505 bits per kmer).
  0:00:01.968    13M / 1334M INFO    General                 (edge_index_builders.hpp   : 265)   Collecting edge information from graph, this takes a while.
  0:00:01.977    13M / 1334M INFO    General                 (sequence_mapper_notifier.h:  95)   Total 2906 reads processed
  0:00:01.979    12M / 1334M INFO    General                 (gap_closer.cpp            : 452)   Initializing gap closer
  0:00:01.979    12M / 1334M INFO   GapCloser                (gap_closer.cpp            : 359)   Closing short gaps
  0:00:01.982    12M / 1334M INFO   GapCloser                (gap_closer.cpp            : 391)   Closing short gaps complete: filled 0 gaps after checking 58 candidates
  0:00:01.983    12M / 1334M INFO    General                 (gap_closer.cpp            : 456)   Gap closer done
  0:00:01.984     3M / 1334M INFO   StageManager             (stage.cpp                 : 185)   STAGE == Simplification Cleanup (id: simplification_cleanup)
  0:00:01.984     3M / 1334M INFO    General                 (simplification.cpp        : 176)   PROCEDURE == Post simplification
  0:00:01.985     3M / 1334M INFO    General                 (graph_simplification.hpp  : 448)   Disconnection of relatively low covered edges disabled
  0:00:01.985     3M / 1334M INFO    General                 (graph_simplification.hpp  : 485)   Complex tip clipping disabled
  0:00:01.985     3M / 1334M INFO    General                 (graph_simplification.hpp  : 634)   Creating parallel br instance
  0:00:01.985     3M / 1334M INFO   Simplification           (parallel_processing.hpp   : 167)   Running Tip clipper
  0:00:01.986     3M / 1334M INFO   Simplification           (parallel_processing.hpp   : 170)   Tip clipper triggered 0 times
  0:00:01.986     3M / 1334M INFO   Simplification           (parallel_processing.hpp   : 167)   Running Bulge remover
  0:00:01.987     3M / 1334M INFO   Simplification           (parallel_processing.hpp   : 170)   Bulge remover triggered 0 times
  0:00:01.988     3M / 1334M INFO   Simplification           (parallel_processing.hpp   : 167)   Running Tip clipper
  0:00:01.989     3M / 1334M INFO   Simplification           (parallel_processing.hpp   : 170)   Tip clipper triggered 0 times
  0:00:01.989     3M / 1334M INFO   Simplification           (parallel_processing.hpp   : 167)   Running Bulge remover
  0:00:01.990     3M / 1334M INFO   Simplification           (parallel_processing.hpp   : 170)   Bulge remover triggered 0 times
  0:00:01.991     3M / 1334M INFO    General                 (simplification.cpp        : 327)   Disrupting self-conjugate edges
  0:00:01.992     3M / 1334M INFO   Simplification           (parallel_processing.hpp   : 167)   Running Removing isolated edges
  0:00:01.998     3M / 1334M INFO   Simplification           (parallel_processing.hpp   : 170)   Removing isolated edges triggered 6487 times
  0:00:01.999     2M / 1334M INFO    General                 (simplification.cpp        : 491)   Counting average coverage
  0:00:01.999     2M / 1334M INFO    General                 (simplification.cpp        : 497)   Average coverage = 7.66667
  0:00:02.000     2M / 1334M INFO   StageManager             (stage.cpp                 : 185)   STAGE == Mismatch Correction (id: mismatch_correction)
  0:00:02.000     2M / 1334M INFO    General                 (graph_pack.cpp            :  67)   Index refill
  0:00:02.000     2M / 1334M INFO    General                 (edge_index.hpp            : 156)   Using small index (max_id = 13166)
  0:00:02.003     2M / 1334M INFO   K-mer Index Building     (kmer_index_builder.hpp    : 395)   Building perfect hash indices
  0:00:02.005     2M / 1334M INFO   K-mer Index Building     (kmer_index_builder.hpp    : 431)   Index built. Total 3 kmers, 800 bytes occupied (2133.33 bits per kmer).
  0:00:02.005     2M / 1334M INFO    General                 (edge_index_builders.hpp   : 252)   Collecting edge information from graph, this takes a while.
  0:00:02.007     2M / 1334M INFO    General                 (graph_pack.cpp            :  77)   Normalizing k-mer map. Total 0 kmers to process
  0:00:02.009     2M / 1334M INFO    General                 (graph_pack.cpp            :  79)   Normalizing done
  0:00:02.010     2M / 1334M INFO    General                 (mismatch_correction.cpp   : 400)   Collect potential mismatches
  0:00:02.019     3M / 1334M INFO    General                 (mismatch_correction.cpp   : 192)   Total 0 edges (out of 4) with 0 potential mismatch positions (nan positions per edge)
  0:00:02.019     2M / 1334M INFO    General                 (mismatch_correction.cpp   : 402)   Potential mismatches collected
  0:00:02.031     3M / 1334M INFO    General                 (sequence_mapper_notifier.h:  95)   Total 13834 reads processed
  0:00:02.033     2M / 1334M INFO    General                 (mismatch_correction.cpp   : 395)   All edges processed
  0:00:02.033     2M / 1334M INFO    General                 (mismatch_correction.cpp   : 450)   Corrected 0 nucleotides
  0:00:02.033     2M / 1334M INFO   StageManager             (stage.cpp                 : 185)   STAGE == Contig Output (id: contig_output)
  0:00:02.033     2M / 1334M INFO    General                 (contig_output.hpp         :  16)   Outputting contigs to /Users/hayoungannacho/my_first_wf/work/91/a9498bccc95806b6e1dc02d446249e/spades_output/K33/before_rr.fasta
  0:00:02.036     3M / 1334M INFO    General                 (contig_output_stage.cpp   : 151)   Writing GFA graph to /Users/hayoungannacho/my_first_wf/work/91/a9498bccc95806b6e1dc02d446249e/spades_output/K33/assembly_graph_after_simplification.gfa
  0:00:02.036     2M / 1334M INFO   StageManager             (stage.cpp                 : 185)   STAGE == Paired Information Counting (id: late_pair_info_count)
  0:00:02.038     2M / 1334M INFO    General                 (graph_pack.cpp            :  77)   Normalizing k-mer map. Total 0 kmers to process
  0:00:02.038     2M / 1334M INFO    General                 (graph_pack.cpp            :  79)   Normalizing done
  0:00:02.038     2M / 1334M INFO    General                 (pair_info_count.cpp       : 339)   Min edge length for estimation: 2
  0:00:02.038     2M / 1334M INFO    General                 (pair_info_count.cpp       : 350)   Estimating insert size for library #0
  0:00:02.038     2M / 1334M INFO    General                 (pair_info_count.cpp       : 202)   Estimating insert size (takes a while)
  0:00:02.058   147M / 1334M INFO    General                 (pair_info_count.cpp       :  48)   Selecting usual mapper
  0:00:02.156   147M / 1334M INFO    General                 (sequence_mapper_notifier.h:  95)   Total 2906 reads processed
  0:00:02.338   147M / 1334M INFO    General                 (pair_info_count.cpp       : 220)   Edge pairs: 0
  0:00:02.338   147M / 1334M INFO    General                 (pair_info_count.cpp       : 222)   0 paired reads (0% of all) aligned to long edges
  0:00:02.340     2M / 1334M WARN    General                 (pair_info_count.cpp       : 358)   Unable to estimate insert size for paired library #0
  0:00:02.340     2M / 1334M WARN    General                 (pair_info_count.cpp       : 364)   None of paired reads aligned properly. Please, check orientation of your read pairs.
  0:00:02.340     2M / 1334M INFO   StageManager             (stage.cpp                 : 185)   STAGE == Distance Estimation (id: distance_estimation)
  0:00:02.341     2M / 1334M INFO    General                 (distance_estimation.cpp   : 186)   Clearing raw paired index
  0:00:02.342     2M / 1334M INFO   StageManager             (stage.cpp                 : 185)   STAGE == Repeat Resolving (id: repeat_resolving)
  0:00:02.343     2M / 1334M WARN    General                 (repeat_resolving.cpp      :  81)   Insert size was not estimated for any of the paired libraries, repeat resolution module will not run.
  0:00:02.343     2M / 1334M INFO   StageManager             (stage.cpp                 : 185)   STAGE == Contig Output (id: contig_output)
  0:00:02.344     2M / 1334M INFO    General                 (contig_output.hpp         :  16)   Outputting contigs to /Users/hayoungannacho/my_first_wf/work/91/a9498bccc95806b6e1dc02d446249e/spades_output/K33/before_rr.fasta
  0:00:02.345     3M / 1334M INFO    General                 (contig_output_stage.cpp   : 151)   Writing GFA graph to /Users/hayoungannacho/my_first_wf/work/91/a9498bccc95806b6e1dc02d446249e/spades_output/K33/assembly_graph_with_scaffolds.gfa
  0:00:02.346     3M / 1334M INFO    General                 (contig_output_stage.cpp   : 165)   Outputting FastG graph to /Users/hayoungannacho/my_first_wf/work/91/a9498bccc95806b6e1dc02d446249e/spades_output/K33/assembly_graph.fastg
  0:00:02.348     3M / 1334M INFO    General                 (contig_output.hpp         :  16)   Outputting contigs to /Users/hayoungannacho/my_first_wf/work/91/a9498bccc95806b6e1dc02d446249e/spades_output/K33/final_contigs.fasta
  0:00:02.350     2M / 1334M INFO    General                 (pipeline.cpp              : 287)   SPAdes finished
  0:00:02.352     1M / 1334M INFO    General                 (main.cpp                  : 136)   Assembling time: 0 hours 0 minutes 2 seconds

===== K33 finished. 


===== Copy files started. 


== Running: /usr/local/bin/python /usr/local/share/spades/spades_pipeline/scripts/copy_files.py /Users/hayoungannacho/my_first_wf/work/91/a9498bccc95806b6e1dc02d446249e/spades_output/K33/before_rr.fasta /Users/hayoungannacho/my_first_wf/work/91/a9498bccc95806b6e1dc02d446249e/spades_output/before_rr.fasta /Users/hayoungannacho/my_first_wf/work/91/a9498bccc95806b6e1dc02d446249e/spades_output/K33/assembly_graph_after_simplification.gfa /Users/hayoungannacho/my_first_wf/work/91/a9498bccc95806b6e1dc02d446249e/spades_output/assembly_graph_after_simplification.gfa /Users/hayoungannacho/my_first_wf/work/91/a9498bccc95806b6e1dc02d446249e/spades_output/K33/final_contigs.fasta /Users/hayoungannacho/my_first_wf/work/91/a9498bccc95806b6e1dc02d446249e/spades_output/contigs.fasta /Users/hayoungannacho/my_first_wf/work/91/a9498bccc95806b6e1dc02d446249e/spades_output/K33/first_pe_contigs.fasta /Users/hayoungannacho/my_first_wf/work/91/a9498bccc95806b6e1dc02d446249e/spades_output/first_pe_contigs.fasta /Users/hayoungannacho/my_first_wf/work/91/a9498bccc95806b6e1dc02d446249e/spades_output/K33/strain_graph.gfa /Users/hayoungannacho/my_first_wf/work/91/a9498bccc95806b6e1dc02d446249e/spades_output/strain_graph.gfa /Users/hayoungannacho/my_first_wf/work/91/a9498bccc95806b6e1dc02d446249e/spades_output/K33/scaffolds.fasta /Users/hayoungannacho/my_first_wf/work/91/a9498bccc95806b6e1dc02d446249e/spades_output/scaffolds.fasta /Users/hayoungannacho/my_first_wf/work/91/a9498bccc95806b6e1dc02d446249e/spades_output/K33/scaffolds.paths /Users/hayoungannacho/my_first_wf/work/91/a9498bccc95806b6e1dc02d446249e/spades_output/scaffolds.paths /Users/hayoungannacho/my_first_wf/work/91/a9498bccc95806b6e1dc02d446249e/spades_output/K33/assembly_graph_with_scaffolds.gfa /Users/hayoungannacho/my_first_wf/work/91/a9498bccc95806b6e1dc02d446249e/spades_output/assembly_graph_with_scaffolds.gfa /Users/hayoungannacho/my_first_wf/work/91/a9498bccc95806b6e1dc02d446249e/spades_output/K33/assembly_graph.fastg /Users/hayoungannacho/my_first_wf/work/91/a9498bccc95806b6e1dc02d446249e/spades_output/assembly_graph.fastg /Users/hayoungannacho/my_first_wf/work/91/a9498bccc95806b6e1dc02d446249e/spades_output/K33/final_contigs.paths /Users/hayoungannacho/my_first_wf/work/91/a9498bccc95806b6e1dc02d446249e/spades_output/contigs.paths


===== Copy files finished. 


===== Assembling finished. 


===== Mismatch correction started. 


===== Mismatch correction contigs started. 


== Running: /usr/local/bin/python /usr/local/share/spades/spades_pipeline/scripts/correction_iteration_script.py --corrected /Users/hayoungannacho/my_first_wf/work/91/a9498bccc95806b6e1dc02d446249e/spades_output/contigs.fasta --assembled /Users/hayoungannacho/my_first_wf/work/91/a9498bccc95806b6e1dc02d446249e/spades_output/misc/assembled_contigs.fasta --assembly_type contigs --output_dir /Users/hayoungannacho/my_first_wf/work/91/a9498bccc95806b6e1dc02d446249e/spades_output --bin_home /usr/local/bin

== Processing of contigs
== Running contig polishing tool: /usr/local/bin/spades-corrector-core /Users/hayoungannacho/my_first_wf/work/91/a9498bccc95806b6e1dc02d446249e/spades_output/mismatch_corrector/contigs/configs/corrector.info /Users/hayoungannacho/my_first_wf/work/91/a9498bccc95806b6e1dc02d446249e/spades_output/misc/assembled_contigs.fasta
== Dataset description file was created: /Users/hayoungannacho/my_first_wf/work/91/a9498bccc95806b6e1dc02d446249e/spades_output/mismatch_corrector/contigs/configs/corrector.info
Run: /usr/local/bin/spades-corrector-core /Users/hayoungannacho/my_first_wf/work/91/a9498bccc95806b6e1dc02d446249e/spades_output/mismatch_corrector/contigs/configs/corrector.info /Users/hayoungannacho/my_first_wf/work/91/a9498bccc95806b6e1dc02d446249e/spades_output/misc/assembled_contigs.fasta
/Users/hayoungannacho/my_first_wf/work/91/a9498bccc95806b6e1dc02d446249e/spades_output/mismatch_corrector/contigs/configs/log.properties  0:00:00.000     1M / 15M   INFO    General                 (main.cpp                  :  58)   Starting mismatch corrector, built from N/A, git revision N/A
  0:00:00.006     1M / 15M   INFO    General                 (main.cpp                  :  59)   Maximum # of threads to use (adjusted due to OMP capabilities): 8
  0:00:00.007     1M / 15M   INFO   DatasetProcessor         (dataset_processor.cpp     : 175)   Splitting assembly...
  0:00:00.007     1M / 15M   INFO   DatasetProcessor         (dataset_processor.cpp     : 176)   Assembly file: /Users/hayoungannacho/my_first_wf/work/91/a9498bccc95806b6e1dc02d446249e/spades_output/misc/assembled_contigs.fasta
  0:00:00.012     1M / 15M   INFO   DatasetProcessor         (dataset_processor.cpp     : 128)   Running bwa index ...: /usr/local/bin/spades-bwa index /Users/hayoungannacho/my_first_wf/work/91/a9498bccc95806b6e1dc02d446249e/spades_output/misc/assembled_contigs.fasta
[bwa_index] Pack FASTA... 0.01 sec
[bwa_index] Construct BWT for the packed sequence...
[bwa_index] 0.01 seconds elapse.
[bwa_index] Update BWT... 0.00 sec
[bwa_index] Pack forward-only FASTA... 0.00 sec
[bwa_index] Construct SA from BWT and Occ... 0.00 sec
[main] Version: 0.7.16a-r1181
[main] CMD: /usr/local/bin/spades-bwa index /Users/hayoungannacho/my_first_wf/work/91/a9498bccc95806b6e1dc02d446249e/spades_output/misc/assembled_contigs.fasta
[main] Real time: 0.044 sec; CPU: 0.079 sec
  0:00:00.120     1M / 15M   INFO   DatasetProcessor         (dataset_processor.cpp     : 190)   Processing paired sublib of number 0
  0:00:00.121     1M / 15M   INFO   DatasetProcessor         (dataset_processor.cpp     : 191)   /Users/hayoungannacho/my_first_wf/work/91/a9498bccc95806b6e1dc02d446249e/clean_1.fastq /Users/hayoungannacho/my_first_wf/work/91/a9498bccc95806b6e1dc02d446249e/clean_2.fastq
  0:00:00.130     1M / 15M   INFO   DatasetProcessor         (dataset_processor.cpp     : 153)   Running bwa mem ...:/usr/local/bin/spades-bwa mem  -v 1 -t 8  /Users/hayoungannacho/my_first_wf/work/91/a9498bccc95806b6e1dc02d446249e/spades_output/misc/assembled_contigs.fasta /Users/hayoungannacho/my_first_wf/work/91/a9498bccc95806b6e1dc02d446249e/clean_1.fastq /Users/hayoungannacho/my_first_wf/work/91/a9498bccc95806b6e1dc02d446249e/clean_2.fastq   > /Users/hayoungannacho/my_first_wf/work/91/a9498bccc95806b6e1dc02d446249e/spades_output/tmp/corrector_cqum108l/lib0_x2jh1H/tmp.sam
[main] Version: 0.7.16a-r1181
[main] CMD: /usr/local/bin/spades-bwa mem -v 1 -t 8 /Users/hayoungannacho/my_first_wf/work/91/a9498bccc95806b6e1dc02d446249e/spades_output/misc/assembled_contigs.fasta /Users/hayoungannacho/my_first_wf/work/91/a9498bccc95806b6e1dc02d446249e/clean_1.fastq /Users/hayoungannacho/my_first_wf/work/91/a9498bccc95806b6e1dc02d446249e/clean_2.fastq
[main] Real time: 0.122 sec; CPU: 0.187 sec
  0:00:00.327     1M / 15M   INFO   DatasetProcessor         (dataset_processor.cpp     : 199)   Adding samfile /Users/hayoungannacho/my_first_wf/work/91/a9498bccc95806b6e1dc02d446249e/spades_output/tmp/corrector_cqum108l/lib0_x2jh1H/tmp.sam
  0:00:00.345     1M / 15M   INFO   DatasetProcessor         (dataset_processor.cpp     : 227)   Processing contigs
  0:00:00.361     1M / 15M   INFO   DatasetProcessor         (dataset_processor.cpp     : 247)   Gluing processed contigs
  0:00:00.363     1M / 15M   INFO    General                 (main.cpp                  :  72)   Correcting time: 0 hours 0 minutes 0 seconds

===== Mismatch correction contigs finished. 


===== Mismatch correction scaffolds started. 


== Running: /usr/local/bin/python /usr/local/share/spades/spades_pipeline/scripts/correction_iteration_script.py --corrected /Users/hayoungannacho/my_first_wf/work/91/a9498bccc95806b6e1dc02d446249e/spades_output/scaffolds.fasta --assembled /Users/hayoungannacho/my_first_wf/work/91/a9498bccc95806b6e1dc02d446249e/spades_output/misc/assembled_scaffolds.fasta --assembly_type scaffolds --output_dir /Users/hayoungannacho/my_first_wf/work/91/a9498bccc95806b6e1dc02d446249e/spades_output --bin_home /usr/local/bin

== Skipping processing of scaffolds (empty file)

===== Mismatch correction scaffolds finished. 


===== Mismatch correction finished. 


===== Breaking scaffolds started. 


== Running: /usr/local/bin/python /usr/local/share/spades/spades_pipeline/scripts/breaking_scaffolds_script.py --result_scaffolds_filename /Users/hayoungannacho/my_first_wf/work/91/a9498bccc95806b6e1dc02d446249e/spades_output/scaffolds.fasta --misc_dir /Users/hayoungannacho/my_first_wf/work/91/a9498bccc95806b6e1dc02d446249e/spades_output/misc --threshold_for_breaking_scaffolds 3


===== Breaking scaffolds finished. 


===== Terminate started. 


===== Terminate finished. 

 * Corrected reads are in /Users/hayoungannacho/my_first_wf/work/91/a9498bccc95806b6e1dc02d446249e/spades_output/corrected/
 * Assembled contigs are in /Users/hayoungannacho/my_first_wf/work/91/a9498bccc95806b6e1dc02d446249e/spades_output/contigs.fasta
 * Assembly graph is in /Users/hayoungannacho/my_first_wf/work/91/a9498bccc95806b6e1dc02d446249e/spades_output/assembly_graph.fastg
 * Assembly graph in GFA format is in /Users/hayoungannacho/my_first_wf/work/91/a9498bccc95806b6e1dc02d446249e/spades_output/assembly_graph_with_scaffolds.gfa

======= SPAdes pipeline finished WITH WARNINGS!

=== Error correction and assembling warnings:
 * 0:00:01.852     2M / 1337M WARN    General                 (simplification.cpp        : 500)   The determined erroneous connection coverage threshold may be determined improperly
 * 0:00:01.842     3M / 1334M WARN    General                 (kmer_coverage_model.cpp   : 366)   Failed to determine erroneous kmer threshold. Threshold set to: 5
 * 0:00:02.340     2M / 1334M WARN    General                 (pair_info_count.cpp       : 358)   Unable to estimate insert size for paired library #0
 * 0:00:02.340     2M / 1334M WARN    General                 (pair_info_count.cpp       : 364)   None of paired reads aligned properly. Please, check orientation of your read pairs.
 * 0:00:02.343     2M / 1334M WARN    General                 (repeat_resolving.cpp      :  81)   Insert size was not estimated for any of the paired libraries, repeat resolution module will not run.
======= Warnings saved to /Users/hayoungannacho/my_first_wf/work/91/a9498bccc95806b6e1dc02d446249e/spades_output/warnings.log

SPAdes log can be found here: /Users/hayoungannacho/my_first_wf/work/91/a9498bccc95806b6e1dc02d446249e/spades_output/spades.log

Thank you for using SPAdes!
